TN:
SF:src/modules/appointments/services/CreateAppointmentService.ts
FN:42,__decorate
FN:42,__metadata
FN:42,__param
FN:42,__awaiter
FN:42,adopt
FN:42,fulfilled
FN:42,rejected
FN:42,step
FN:42,__generator
FN:42,sent
FN:42,Symbol.function.g.(anonymous function)
FN:42,verb
FN:42,step
FN:42,__importDefault
FN:17,CreateAppointmentService
FN:22,CreateAppointmentService.execute
FNF:16
FNH:14
FNDA:1,__decorate
FNDA:1,__metadata
FNDA:1,__param
FNDA:3,__awaiter
FNDA:5,adopt
FNDA:5,fulfilled
FNDA:0,rejected
FNDA:7,step
FNDA:3,__generator
FNDA:5,sent
FNDA:0,Symbol.function.g.(anonymous function)
FNDA:9,verb
FNDA:8,step
FNDA:1,__importDefault
FNDA:2,CreateAppointmentService
FNDA:3,CreateAppointmentService.execute
DA:1,1
DA:2,1
DA:3,1
DA:4,1
DA:5,1
DA:6,1
DA:7,1
DA:8,1
DA:9,1
DA:10,1
DA:11,1
DA:12,1
DA:13,1
DA:14,1
DA:15,1
DA:16,1
DA:17,1
DA:18,2
DA:19,2
DA:20,2
DA:21,1
DA:22,1
DA:23,3
DA:24,3
DA:25,3
DA:26,3
DA:27,3
DA:28,3
DA:29,3
DA:30,1
DA:31,1
DA:32,2
DA:33,2
DA:34,2
DA:35,2
DA:36,2
DA:37,3
DA:38,3
DA:39,3
DA:40,1
DA:41,1
DA:42,1
LF:42
LH:42
BRDA:42,0,0,1
BRDA:42,1,0,1
BRDA:42,2,0,0
BRDA:42,3,0,0
BRDA:42,4,0,0
BRDA:42,5,0,0
BRDA:42,6,0,1
BRDA:42,7,0,1
BRDA:42,8,0,1
BRDA:42,9,0,3
BRDA:42,10,0,5
BRDA:42,11,0,0
BRDA:42,12,0,3
BRDA:42,13,0,5
BRDA:42,14,0,4
BRDA:42,15,0,1
BRDA:42,16,0,7
BRDA:42,17,0,2
BRDA:42,18,0,5
BRDA:42,19,0,3
BRDA:42,20,0,5
BRDA:42,21,0,0
BRDA:42,22,0,9
BRDA:42,23,0,8
BRDA:42,24,0,8
BRDA:42,25,0,0
BRDA:42,26,0,16
BRDA:42,27,0,0
BRDA:42,28,0,0
BRDA:42,29,0,0
BRDA:42,30,0,0
BRDA:42,31,0,8
BRDA:42,32,0,8
BRDA:42,33,0,0
BRDA:42,34,0,5
BRDA:42,35,0,0
BRDA:42,36,0,3
BRDA:42,37,0,0
BRDA:42,38,0,2
BRDA:42,39,0,0
BRDA:42,40,0,0
BRDA:42,41,0,0
BRDA:42,42,0,0
BRDA:42,43,0,0
BRDA:42,44,0,8
BRDA:42,45,0,7
BRDA:42,46,0,1
BRDA:42,47,0,8
BRDA:42,48,0,3
BRDA:42,49,0,1
BRDA:42,50,0,2
BRDA:42,51,0,0
BRDA:42,52,0,1
BRDA:42,53,0,0
BRDA:16,54,0,1
BRDA:17,55,0,2
BRDA:22,56,0,3
BRDA:42,57,0,3
BRDA:42,58,0,8
BRDA:42,59,0,3
BRDA:42,60,0,0
BRDA:42,61,0,3
BRDA:29,62,0,1
BRDA:31,63,0,2
BRDA:42,64,0,0
BRDA:42,65,0,2
BRDA:42,66,0,0
BRF:67
BRH:43
end_of_record
TN:
SF:src/modules/users/services/AuthenticateUserService.ts
FN:61,__decorate
FN:61,__metadata
FN:61,__param
FN:61,__awaiter
FN:61,adopt
FN:61,fulfilled
FN:61,rejected
FN:61,step
FN:61,__generator
FN:61,sent
FN:61,Symbol.function.g.(anonymous function)
FN:61,verb
FN:61,step
FN:61,__importDefault
FN:23,AuthenticateUserService
FN:31,AuthenticateUserService.execute
FNF:16
FNH:14
FNDA:1,__decorate
FNDA:1,__metadata
FNDA:2,__param
FNDA:3,__awaiter
FNDA:5,adopt
FNDA:5,fulfilled
FNDA:0,rejected
FNDA:6,step
FNDA:3,__generator
FNDA:5,sent
FNDA:0,Symbol.function.g.(anonymous function)
FNDA:9,verb
FNDA:8,step
FNDA:2,__importDefault
FNDA:3,AuthenticateUserService
FNDA:3,AuthenticateUserService.execute
DA:1,1
DA:2,1
DA:3,1
DA:4,1
DA:5,1
DA:6,1
DA:7,1
DA:8,1
DA:9,1
DA:10,1
DA:11,1
DA:12,1
DA:13,1
DA:14,1
DA:15,1
DA:16,1
DA:17,1
DA:18,1
DA:19,1
DA:20,1
DA:21,1
DA:22,1
DA:23,1
DA:24,3
DA:25,3
DA:26,3
DA:27,3
DA:28,3
DA:29,3
DA:30,1
DA:31,1
DA:32,3
DA:33,3
DA:34,3
DA:35,1
DA:36,1
DA:37,2
DA:38,2
DA:39,2
DA:40,2
DA:41,2
DA:42,3
DA:43,3
DA:44,1
DA:45,1
DA:46,1
DA:47,1
DA:48,1
DA:49,1
DA:50,1
DA:51,1
DA:52,1
DA:53,1
DA:54,1
DA:55,1
DA:56,1
DA:57,1
DA:58,3
DA:59,1
DA:60,1
DA:61,1
LF:61
LH:61
BRDA:61,0,0,1
BRDA:61,1,0,1
BRDA:61,2,0,0
BRDA:61,3,0,0
BRDA:61,4,0,0
BRDA:61,5,0,0
BRDA:61,6,0,1
BRDA:61,7,0,2
BRDA:61,8,0,2
BRDA:61,9,0,3
BRDA:61,10,0,5
BRDA:61,11,0,0
BRDA:61,12,0,3
BRDA:61,13,0,5
BRDA:61,14,0,3
BRDA:61,15,0,2
BRDA:61,16,0,6
BRDA:61,17,0,1
BRDA:61,18,0,5
BRDA:61,19,0,3
BRDA:61,20,0,5
BRDA:61,21,0,0
BRDA:61,22,0,9
BRDA:61,23,0,8
BRDA:61,24,0,8
BRDA:61,25,0,0
BRDA:61,26,0,16
BRDA:61,27,0,0
BRDA:61,28,0,0
BRDA:61,29,0,0
BRDA:61,30,0,0
BRDA:61,31,0,8
BRDA:61,32,0,8
BRDA:61,33,0,0
BRDA:61,34,0,5
BRDA:61,35,0,0
BRDA:61,36,0,3
BRDA:61,37,0,0
BRDA:61,38,0,1
BRDA:61,39,0,0
BRDA:61,40,0,0
BRDA:61,41,0,0
BRDA:61,42,0,0
BRDA:61,43,0,0
BRDA:61,44,0,8
BRDA:61,45,0,6
BRDA:61,46,0,2
BRDA:61,47,0,8
BRDA:61,48,0,3
BRDA:61,49,0,2
BRDA:61,50,0,1
BRDA:61,51,0,0
BRDA:61,52,0,2
BRDA:61,53,0,0
BRDA:22,54,0,1
BRDA:23,55,0,3
BRDA:31,56,0,3
BRDA:61,57,0,3
BRDA:61,58,0,8
BRDA:32,59,0,3
BRDA:61,60,0,0
BRDA:61,61,0,3
BRDA:34,62,0,1
BRDA:36,63,0,2
BRDA:61,64,0,0
BRDA:61,65,0,2
BRDA:43,66,0,1
BRDA:61,67,0,0
BRF:68
BRH:44
end_of_record
TN:
SF:src/modules/users/services/CreateUserService.ts
FN:44,__decorate
FN:44,__metadata
FN:44,__param
FN:44,__awaiter
FN:44,adopt
FN:44,fulfilled
FN:44,rejected
FN:44,step
FN:44,__generator
FN:44,sent
FN:44,Symbol.function.g.(anonymous function)
FN:44,verb
FN:44,step
FN:44,__importDefault
FN:17,CreateUserService
FN:25,CreateUserService.execute
FNF:16
FNH:14
FNDA:2,__decorate
FNDA:2,__metadata
FNDA:4,__param
FNDA:5,__awaiter
FNDA:13,adopt
FNDA:13,fulfilled
FNDA:0,rejected
FNDA:17,step
FNDA:5,__generator
FNDA:13,sent
FNDA:0,Symbol.function.g.(anonymous function)
FNDA:15,verb
FNDA:18,step
FNDA:2,__importDefault
FNDA:5,CreateUserService
FNDA:5,CreateUserService.execute
DA:1,1
DA:2,1
DA:3,1
DA:4,1
DA:5,1
DA:6,1
DA:7,1
DA:8,1
DA:9,1
DA:10,1
DA:11,1
DA:12,1
DA:13,1
DA:14,1
DA:15,1
DA:16,2
DA:17,2
DA:18,5
DA:19,5
DA:20,5
DA:21,5
DA:22,5
DA:23,5
DA:24,2
DA:25,2
DA:26,5
DA:27,5
DA:28,5
DA:29,1
DA:30,1
DA:31,4
DA:32,4
DA:33,5
DA:34,5
DA:35,5
DA:36,5
DA:37,5
DA:38,5
DA:39,5
DA:40,5
DA:41,5
DA:42,2
DA:43,1
DA:44,1
LF:44
LH:44
BRDA:44,0,0,2
BRDA:44,1,0,2
BRDA:44,2,0,0
BRDA:44,3,0,0
BRDA:44,4,0,0
BRDA:44,5,0,0
BRDA:44,6,0,2
BRDA:44,7,0,4
BRDA:44,8,0,4
BRDA:44,9,0,5
BRDA:44,10,0,13
BRDA:44,11,0,0
BRDA:44,12,0,5
BRDA:44,13,0,13
BRDA:44,14,0,12
BRDA:44,15,0,1
BRDA:44,16,0,17
BRDA:44,17,0,4
BRDA:44,18,0,13
BRDA:44,19,0,5
BRDA:44,20,0,13
BRDA:44,21,0,0
BRDA:44,22,0,15
BRDA:44,23,0,18
BRDA:44,24,0,18
BRDA:44,25,0,0
BRDA:44,26,0,36
BRDA:44,27,0,0
BRDA:44,28,0,0
BRDA:44,29,0,0
BRDA:44,30,0,0
BRDA:44,31,0,18
BRDA:44,32,0,18
BRDA:44,33,0,0
BRDA:44,34,0,13
BRDA:44,35,0,0
BRDA:44,36,0,5
BRDA:44,37,0,0
BRDA:44,38,0,4
BRDA:44,39,0,0
BRDA:44,40,0,0
BRDA:44,41,0,0
BRDA:44,42,0,0
BRDA:44,43,0,0
BRDA:44,44,0,28
BRDA:44,45,0,18
BRDA:44,46,0,17
BRDA:44,47,0,1
BRDA:44,48,0,18
BRDA:44,49,0,5
BRDA:44,50,0,1
BRDA:44,51,0,4
BRDA:44,52,0,0
BRDA:44,53,0,2
BRDA:44,54,0,0
BRDA:16,55,0,2
BRDA:17,56,0,5
BRDA:25,57,0,5
BRDA:44,58,0,5
BRDA:44,59,0,18
BRDA:26,60,0,5
BRDA:44,61,0,0
BRDA:44,62,0,5
BRDA:28,63,0,1
BRDA:30,64,0,4
BRDA:44,65,0,0
BRDA:44,66,0,4
BRDA:44,67,0,0
BRDA:44,68,0,4
BRDA:44,69,0,0
BRF:70
BRH:45
end_of_record
TN:
SF:src/modules/users/services/ResetPasswordService.ts
FN:55,__decorate
FN:55,__metadata
FN:55,__param
FN:55,__awaiter
FN:55,adopt
FN:55,fulfilled
FN:55,rejected
FN:55,step
FN:55,__generator
FN:55,sent
FN:55,Symbol.function.g.(anonymous function)
FN:55,verb
FN:55,step
FN:55,__importDefault
FN:18,ResetPasswordService
FN:29,ResetPasswordService.execute
FNF:16
FNH:14
FNDA:1,__decorate
FNDA:1,__metadata
FNDA:3,__param
FNDA:4,__awaiter
FNDA:9,adopt
FNDA:9,fulfilled
FNDA:0,rejected
FNDA:10,step
FNDA:4,__generator
FNDA:9,sent
FNDA:0,Symbol.function.g.(anonymous function)
FNDA:12,verb
FNDA:13,step
FNDA:1,__importDefault
FNDA:4,ResetPasswordService
FNDA:4,ResetPasswordService.execute
DA:1,1
DA:2,1
DA:3,1
DA:4,1
DA:5,1
DA:6,1
DA:7,1
DA:8,1
DA:9,1
DA:10,1
DA:11,1
DA:12,1
DA:13,1
DA:14,1
DA:15,1
DA:16,1
DA:17,1
DA:18,1
DA:19,4
DA:20,4
DA:21,4
DA:22,4
DA:23,4
DA:24,4
DA:25,4
DA:26,4
DA:27,4
DA:28,1
DA:29,1
DA:30,4
DA:31,4
DA:32,4
DA:33,1
DA:34,1
DA:35,3
DA:36,4
DA:37,4
DA:38,4
DA:39,1
DA:40,1
DA:41,2
DA:42,2
DA:43,2
DA:44,2
DA:45,4
DA:46,1
DA:47,1
DA:48,1
DA:49,1
DA:50,4
DA:51,4
DA:52,4
DA:53,1
DA:54,1
DA:55,1
LF:55
LH:55
BRDA:55,0,0,1
BRDA:55,1,0,1
BRDA:55,2,0,0
BRDA:55,3,0,0
BRDA:55,4,0,0
BRDA:55,5,0,0
BRDA:55,6,0,1
BRDA:55,7,0,3
BRDA:55,8,0,3
BRDA:55,9,0,4
BRDA:55,10,0,9
BRDA:55,11,0,0
BRDA:55,12,0,4
BRDA:55,13,0,9
BRDA:55,14,0,6
BRDA:55,15,0,3
BRDA:55,16,0,10
BRDA:55,17,0,1
BRDA:55,18,0,9
BRDA:55,19,0,4
BRDA:55,20,0,9
BRDA:55,21,0,0
BRDA:55,22,0,12
BRDA:55,23,0,13
BRDA:55,24,0,13
BRDA:55,25,0,0
BRDA:55,26,0,26
BRDA:55,27,0,0
BRDA:55,28,0,0
BRDA:55,29,0,0
BRDA:55,30,0,0
BRDA:55,31,0,13
BRDA:55,32,0,13
BRDA:55,33,0,0
BRDA:55,34,0,9
BRDA:55,35,0,0
BRDA:55,36,0,4
BRDA:55,37,0,0
BRDA:55,38,0,1
BRDA:55,39,0,0
BRDA:55,40,0,0
BRDA:55,41,0,0
BRDA:55,42,0,0
BRDA:55,43,0,0
BRDA:55,44,0,13
BRDA:55,45,0,10
BRDA:55,46,0,3
BRDA:55,47,0,13
BRDA:55,48,0,4
BRDA:55,49,0,3
BRDA:55,50,0,1
BRDA:55,51,0,0
BRDA:55,52,0,1
BRDA:55,53,0,0
BRDA:17,54,0,1
BRDA:18,55,0,4
BRDA:29,56,0,4
BRDA:55,57,0,4
BRDA:55,58,0,13
BRDA:30,59,0,4
BRDA:55,60,0,0
BRDA:55,61,0,4
BRDA:32,62,0,1
BRDA:34,63,0,3
BRDA:36,64,0,0
BRDA:36,65,0,3
BRDA:55,66,0,0
BRDA:55,67,0,3
BRDA:38,68,0,1
BRDA:40,69,0,2
BRDA:45,70,0,1
BRDA:55,71,0,0
BRDA:55,72,0,1
BRDA:55,73,0,0
BRDA:55,74,0,1
BRDA:55,75,0,0
BRF:76
BRH:49
end_of_record
TN:
SF:src/modules/users/services/SendForgotPasswordEmailService.ts
FN:61,__decorate
FN:61,__metadata
FN:61,__param
FN:61,__awaiter
FN:61,adopt
FN:61,fulfilled
FN:61,rejected
FN:61,step
FN:61,__generator
FN:61,sent
FN:61,Symbol.function.g.(anonymous function)
FN:61,verb
FN:61,step
FN:61,__importDefault
FN:17,SendForgotPasswordEmailService
FN:28,SendForgotPasswordEmailService.execute
FNF:16
FNH:14
FNDA:1,__decorate
FNDA:1,__metadata
FNDA:3,__param
FNDA:3,__awaiter
FNDA:7,adopt
FNDA:7,fulfilled
FNDA:0,rejected
FNDA:9,step
FNDA:3,__generator
FNDA:7,sent
FNDA:0,Symbol.function.g.(anonymous function)
FNDA:9,verb
FNDA:10,step
FNDA:2,__importDefault
FNDA:3,SendForgotPasswordEmailService
FNDA:3,SendForgotPasswordEmailService.execute
DA:1,1
DA:2,1
DA:3,1
DA:4,1
DA:5,1
DA:6,1
DA:7,1
DA:8,1
DA:9,1
DA:10,1
DA:11,1
DA:12,1
DA:13,1
DA:14,1
DA:15,1
DA:16,1
DA:17,1
DA:18,3
DA:19,3
DA:20,3
DA:21,3
DA:22,3
DA:23,3
DA:24,3
DA:25,3
DA:26,3
DA:27,1
DA:28,1
DA:29,3
DA:30,3
DA:31,3
DA:32,1
DA:33,1
DA:34,2
DA:35,2
DA:36,3
DA:37,3
DA:38,3
DA:39,3
DA:40,3
DA:41,3
DA:42,3
DA:43,3
DA:44,3
DA:45,3
DA:46,3
DA:47,3
DA:48,3
DA:49,3
DA:50,3
DA:51,3
DA:52,3
DA:53,3
DA:54,3
DA:55,3
DA:56,3
DA:57,3
DA:58,3
DA:59,1
DA:60,1
DA:61,1
LF:61
LH:61
BRDA:61,0,0,1
BRDA:61,1,0,1
BRDA:61,2,0,0
BRDA:61,3,0,0
BRDA:61,4,0,0
BRDA:61,5,0,0
BRDA:61,6,0,1
BRDA:61,7,0,3
BRDA:61,8,0,3
BRDA:61,9,0,3
BRDA:61,10,0,7
BRDA:61,11,0,0
BRDA:61,12,0,3
BRDA:61,13,0,7
BRDA:61,14,0,6
BRDA:61,15,0,1
BRDA:61,16,0,9
BRDA:61,17,0,2
BRDA:61,18,0,7
BRDA:61,19,0,3
BRDA:61,20,0,7
BRDA:61,21,0,0
BRDA:61,22,0,9
BRDA:61,23,0,10
BRDA:61,24,0,10
BRDA:61,25,0,0
BRDA:61,26,0,20
BRDA:61,27,0,0
BRDA:61,28,0,0
BRDA:61,29,0,0
BRDA:61,30,0,0
BRDA:61,31,0,10
BRDA:61,32,0,10
BRDA:61,33,0,0
BRDA:61,34,0,7
BRDA:61,35,0,0
BRDA:61,36,0,3
BRDA:61,37,0,0
BRDA:61,38,0,2
BRDA:61,39,0,0
BRDA:61,40,0,0
BRDA:61,41,0,0
BRDA:61,42,0,0
BRDA:61,43,0,0
BRDA:61,44,0,10
BRDA:61,45,0,9
BRDA:61,46,0,1
BRDA:61,47,0,10
BRDA:61,48,0,3
BRDA:61,49,0,1
BRDA:61,50,0,2
BRDA:61,51,0,0
BRDA:61,52,0,2
BRDA:61,53,0,1
BRDA:61,54,0,1
BRDA:16,55,0,1
BRDA:17,56,0,3
BRDA:28,57,0,3
BRDA:61,58,0,3
BRDA:61,59,0,10
BRDA:29,60,0,3
BRDA:61,61,0,0
BRDA:61,62,0,3
BRDA:31,63,0,1
BRDA:33,64,0,2
BRDA:61,65,0,0
BRDA:61,66,0,2
BRDA:61,67,0,0
BRDA:61,68,0,2
BRDA:61,69,0,0
BRF:70
BRH:46
end_of_record
TN:
SF:src/modules/users/services/UpdateUserAvatarService.ts
FN:45,__decorate
FN:45,__metadata
FN:45,__param
FN:45,__awaiter
FN:45,adopt
FN:45,fulfilled
FN:45,rejected
FN:45,step
FN:45,__generator
FN:45,sent
FN:45,Symbol.function.g.(anonymous function)
FN:45,verb
FN:45,step
FN:45,__importDefault
FN:16,UpdateUserAvatarService
FN:24,UpdateUserAvatarService.execute
FNF:16
FNH:14
FNDA:1,__decorate
FNDA:1,__metadata
FNDA:2,__param
FNDA:4,__awaiter
FNDA:11,adopt
FNDA:11,fulfilled
FNDA:0,rejected
FNDA:14,step
FNDA:4,__generator
FNDA:11,sent
FNDA:0,Symbol.function.g.(anonymous function)
FNDA:12,verb
FNDA:15,step
FNDA:1,__importDefault
FNDA:3,UpdateUserAvatarService
FNDA:4,UpdateUserAvatarService.execute
DA:1,1
DA:2,1
DA:3,1
DA:4,1
DA:5,1
DA:6,1
DA:7,1
DA:8,1
DA:9,1
DA:10,1
DA:11,1
DA:12,1
DA:13,1
DA:14,1
DA:15,1
DA:16,1
DA:17,3
DA:18,3
DA:19,3
DA:20,3
DA:21,3
DA:22,3
DA:23,1
DA:24,1
DA:25,4
DA:26,4
DA:27,4
DA:28,1
DA:29,1
DA:30,3
DA:31,3
DA:32,1
DA:33,4
DA:34,4
DA:35,4
DA:36,4
DA:37,4
DA:38,4
DA:39,4
DA:40,4
DA:41,4
DA:42,4
DA:43,1
DA:44,1
DA:45,1
LF:45
LH:45
BRDA:45,0,0,1
BRDA:45,1,0,1
BRDA:45,2,0,0
BRDA:45,3,0,0
BRDA:45,4,0,0
BRDA:45,5,0,0
BRDA:45,6,0,1
BRDA:45,7,0,2
BRDA:45,8,0,2
BRDA:45,9,0,4
BRDA:45,10,0,11
BRDA:45,11,0,0
BRDA:45,12,0,4
BRDA:45,13,0,11
BRDA:45,14,0,10
BRDA:45,15,0,1
BRDA:45,16,0,14
BRDA:45,17,0,3
BRDA:45,18,0,11
BRDA:45,19,0,4
BRDA:45,20,0,11
BRDA:45,21,0,0
BRDA:45,22,0,12
BRDA:45,23,0,15
BRDA:45,24,0,15
BRDA:45,25,0,0
BRDA:45,26,0,32
BRDA:45,27,0,0
BRDA:45,28,0,0
BRDA:45,29,0,0
BRDA:45,30,0,0
BRDA:45,31,0,15
BRDA:45,32,0,15
BRDA:45,33,0,0
BRDA:45,34,0,11
BRDA:45,35,0,0
BRDA:45,36,0,6
BRDA:45,37,0,0
BRDA:45,38,0,5
BRDA:45,39,0,4
BRDA:45,40,0,2
BRDA:45,41,0,0
BRDA:45,42,0,2
BRDA:45,43,0,0
BRDA:45,44,0,0
BRDA:45,45,0,0
BRDA:45,46,0,0
BRDA:45,47,0,17
BRDA:45,48,0,16
BRDA:45,49,0,1
BRDA:45,50,0,17
BRDA:45,51,0,4
BRDA:45,52,0,1
BRDA:45,53,0,3
BRDA:45,54,0,0
BRDA:45,55,0,1
BRDA:45,56,0,0
BRDA:15,57,0,1
BRDA:16,58,0,3
BRDA:24,59,0,4
BRDA:45,60,0,4
BRDA:45,61,0,17
BRDA:25,62,0,4
BRDA:45,63,0,0
BRDA:45,64,0,4
BRDA:27,65,0,1
BRDA:29,66,0,3
BRDA:31,67,0,2
BRDA:31,68,0,1
BRDA:45,69,0,0
BRDA:45,70,0,1
BRDA:35,71,0,3
BRDA:45,72,0,0
BRDA:45,73,0,3
BRDA:45,74,0,0
BRDA:45,75,0,3
BRDA:45,76,0,0
BRF:77
BRH:51
end_of_record
